<?xml version="1.0" encoding="UTF-8"?>
<robot generator="Robot 6.0.2 (Python 3.10.10 on win32)" generated="20230415 23:40:46.509" rpa="false" schemaversion="3">
<suite id="s1" name="testDemo2" source="C:\File D\RobotFramework\tests\testDemo2.robot">
<test id="s1-t1" name="Validate Unsucessfull login" line="13">
<kw name="open the browser with mortgage url" library="resource" type="SETUP">
<kw name="Create Webdriver" library="SeleniumLibrary">
<arg>Chrome</arg>
<arg>executable_path=E:\\chromedriver.exe</arg>
<doc>Creates an instance of Selenium WebDriver.</doc>
<msg timestamp="20230415 23:40:46.669" level="INFO">Creating an instance of the Chrome WebDriver.</msg>
<status status="PASS" starttime="20230415 23:40:46.669" endtime="20230415 23:40:47.910"/>
</kw>
<kw name="Go To" library="SeleniumLibrary">
<arg>${url}</arg>
<doc>Navigates the current browser window to the provided ``url``.</doc>
<msg timestamp="20230415 23:40:47.910" level="INFO">Opening url 'https://rahulshettyacademy.com/loginpagePractise/'</msg>
<status status="PASS" starttime="20230415 23:40:47.910" endtime="20230415 23:40:48.189"/>
</kw>
<status status="PASS" starttime="20230415 23:40:46.669" endtime="20230415 23:40:48.189"/>
</kw>
<kw name="fill the login form">
<arg>${Invalid_Username}</arg>
<arg>${Invalid_Password}</arg>
<kw name="Input Text" library="SeleniumLibrary">
<arg>Id:username</arg>
<arg>${User_Name}</arg>
<doc>Types the given ``text`` into the text field identified by ``locator``.</doc>
<msg timestamp="20230415 23:40:48.190" level="INFO">Typing text 'Situ' into text field 'Id:username'.</msg>
<status status="PASS" starttime="20230415 23:40:48.190" endtime="20230415 23:40:48.270"/>
</kw>
<kw name="Input Password" library="SeleniumLibrary">
<arg>Id:password</arg>
<arg>${Password}</arg>
<doc>Types the given password into the text field identified by ``locator``.</doc>
<msg timestamp="20230415 23:40:48.270" level="INFO">Typing password into text field 'Id:password'.</msg>
<msg timestamp="20230415 23:40:48.300" level="INFO">Temporally setting log level to: NONE</msg>
<msg timestamp="20230415 23:40:48.332" level="INFO">Log level changed from NONE to INFO.</msg>
<status status="PASS" starttime="20230415 23:40:48.270" endtime="20230415 23:40:48.332"/>
</kw>
<kw name="Click Button" library="SeleniumLibrary">
<arg>signInBtn</arg>
<doc>Clicks the button identified by ``locator``.</doc>
<msg timestamp="20230415 23:40:48.332" level="INFO">Clicking button 'signInBtn'.</msg>
<status status="PASS" starttime="20230415 23:40:48.332" endtime="20230415 23:40:48.369"/>
</kw>
<status status="PASS" starttime="20230415 23:40:48.189" endtime="20230415 23:40:48.369"/>
</kw>
<kw name="wait until element is located in page">
<arg>${Error_Message_Login}</arg>
<kw name="Wait Until Element Is Visible" library="SeleniumLibrary">
<arg>${element}</arg>
<doc>Waits until the element ``locator`` is visible.</doc>
<status status="PASS" starttime="20230415 23:40:48.369" endtime="20230415 23:40:50.570"/>
</kw>
<status status="PASS" starttime="20230415 23:40:48.369" endtime="20230415 23:40:50.570"/>
</kw>
<kw name="verify the error message">
<kw name="Get Text" library="SeleniumLibrary">
<var>${Result}</var>
<arg>${Error_Message_Login}</arg>
<doc>Returns the text value of the element identified by ``locator``.</doc>
<msg timestamp="20230415 23:40:50.582" level="INFO">${Result} = Incorrect username/password.</msg>
<status status="PASS" starttime="20230415 23:40:50.570" endtime="20230415 23:40:50.582"/>
</kw>
<kw name="Should Be Equal As Strings" library="BuiltIn">
<arg>${Result}</arg>
<arg>Incorrect username/password.</arg>
<doc>Fails if objects are unequal after converting them to strings.</doc>
<status status="PASS" starttime="20230415 23:40:50.582" endtime="20230415 23:40:50.582"/>
</kw>
<kw name="Element Text Should Be" library="SeleniumLibrary">
<arg>${Error_Message_Login}</arg>
<arg>Incorrect username/password.</arg>
<doc>Verifies that element ``locator`` contains exact the text ``expected``.</doc>
<msg timestamp="20230415 23:40:50.582" level="INFO">Verifying element 'css:.alert-danger' contains exact text 'Incorrect username/password.'.</msg>
<status status="PASS" starttime="20230415 23:40:50.582" endtime="20230415 23:40:50.596"/>
</kw>
<status status="PASS" starttime="20230415 23:40:50.570" endtime="20230415 23:40:50.596"/>
</kw>
<kw name="Close Browser" library="SeleniumLibrary" type="TEARDOWN">
<doc>Closes the current browser.</doc>
<status status="PASS" starttime="20230415 23:40:50.596" endtime="20230415 23:40:52.713"/>
</kw>
<status status="PASS" starttime="20230415 23:40:46.669" endtime="20230415 23:40:52.713"/>
</test>
<test id="s1-t2" name="Validate cards display in shopping page" line="19">
<kw name="open the browser with mortgage url" library="resource" type="SETUP">
<kw name="Create Webdriver" library="SeleniumLibrary">
<arg>Chrome</arg>
<arg>executable_path=E:\\chromedriver.exe</arg>
<doc>Creates an instance of Selenium WebDriver.</doc>
<msg timestamp="20230415 23:40:52.713" level="INFO">Creating an instance of the Chrome WebDriver.</msg>
<status status="PASS" starttime="20230415 23:40:52.713" endtime="20230415 23:40:53.884"/>
</kw>
<kw name="Go To" library="SeleniumLibrary">
<arg>${url}</arg>
<doc>Navigates the current browser window to the provided ``url``.</doc>
<msg timestamp="20230415 23:40:53.884" level="INFO">Opening url 'https://rahulshettyacademy.com/loginpagePractise/'</msg>
<status status="PASS" starttime="20230415 23:40:53.884" endtime="20230415 23:40:54.165"/>
</kw>
<status status="PASS" starttime="20230415 23:40:52.713" endtime="20230415 23:40:54.165"/>
</kw>
<kw name="fill the login form">
<arg>${Valid_UserName}</arg>
<arg>${Valid_Password}</arg>
<kw name="Input Text" library="SeleniumLibrary">
<arg>Id:username</arg>
<arg>${User_Name}</arg>
<doc>Types the given ``text`` into the text field identified by ``locator``.</doc>
<msg timestamp="20230415 23:40:54.167" level="INFO">Typing text 'rahulshettyacademy' into text field 'Id:username'.</msg>
<status status="PASS" starttime="20230415 23:40:54.166" endtime="20230415 23:40:54.269"/>
</kw>
<kw name="Input Password" library="SeleniumLibrary">
<arg>Id:password</arg>
<arg>${Password}</arg>
<doc>Types the given password into the text field identified by ``locator``.</doc>
<msg timestamp="20230415 23:40:54.269" level="INFO">Typing password into text field 'Id:password'.</msg>
<msg timestamp="20230415 23:40:54.296" level="INFO">Temporally setting log level to: NONE</msg>
<msg timestamp="20230415 23:40:54.313" level="INFO">Log level changed from NONE to INFO.</msg>
<status status="PASS" starttime="20230415 23:40:54.269" endtime="20230415 23:40:54.313"/>
</kw>
<kw name="Click Button" library="SeleniumLibrary">
<arg>signInBtn</arg>
<doc>Clicks the button identified by ``locator``.</doc>
<msg timestamp="20230415 23:40:54.313" level="INFO">Clicking button 'signInBtn'.</msg>
<status status="PASS" starttime="20230415 23:40:54.313" endtime="20230415 23:40:54.364"/>
</kw>
<status status="PASS" starttime="20230415 23:40:54.166" endtime="20230415 23:40:54.364"/>
</kw>
<kw name="wait until element is located in page">
<arg>${Shop_page_load}</arg>
<kw name="Wait Until Element Is Visible" library="SeleniumLibrary">
<arg>${element}</arg>
<doc>Waits until the element ``locator`` is visible.</doc>
<status status="PASS" starttime="20230415 23:40:54.364" endtime="20230415 23:40:57.389"/>
</kw>
<status status="PASS" starttime="20230415 23:40:54.364" endtime="20230415 23:40:57.389"/>
</kw>
<kw name="Close Browser" library="SeleniumLibrary" type="TEARDOWN">
<doc>Closes the current browser.</doc>
<status status="PASS" starttime="20230415 23:40:57.390" endtime="20230415 23:40:59.496"/>
</kw>
<status status="PASS" starttime="20230415 23:40:52.713" endtime="20230415 23:40:59.496"/>
</test>
<doc>To validate login form</doc>
<status status="PASS" starttime="20230415 23:40:46.516" endtime="20230415 23:40:59.496"/>
</suite>
<statistics>
<total>
<stat pass="2" fail="0" skip="0">All Tests</stat>
</total>
<tag>
</tag>
<suite>
<stat pass="2" fail="0" skip="0" id="s1" name="testDemo2">testDemo2</stat>
</suite>
</statistics>
<errors>
</errors>
</robot>
