<?xml version="1.0" encoding="UTF-8"?>
<robot generator="Robot 6.0.2 (Python 3.10.10 on win32)" generated="20230420 11:27:36.819" rpa="false" schemaversion="3">
<suite id="s1" name="testDemo5" source="C:\File D\RobotFramework\tests\testDemo5.robot">
<test id="s1-t1" name="Login with user sarada and apssword learning" line="13">
<kw name="Validate Unsucessfull login">
<arg>sarada</arg>
<arg>learning</arg>
<kw name="open the browser with mortgage url">
<kw name="Create Webdriver" library="SeleniumLibrary">
<arg>Chrome</arg>
<arg>executable_path=E:\\chromedriver.exe</arg>
<doc>Creates an instance of Selenium WebDriver.</doc>
<msg timestamp="20230420 11:27:37.008" level="INFO">Creating an instance of the Chrome WebDriver.</msg>
<status status="PASS" starttime="20230420 11:27:37.008" endtime="20230420 11:27:38.932"/>
</kw>
<kw name="Go To" library="SeleniumLibrary">
<arg>https://rahulshettyacademy.com/loginpagePractise/</arg>
<doc>Navigates the current browser window to the provided ``url``.</doc>
<msg timestamp="20230420 11:27:38.932" level="INFO">Opening url 'https://rahulshettyacademy.com/loginpagePractise/'</msg>
<status status="PASS" starttime="20230420 11:27:38.932" endtime="20230420 11:27:39.293"/>
</kw>
<status status="PASS" starttime="20230420 11:27:37.008" endtime="20230420 11:27:39.293"/>
</kw>
<kw name="fill the login form">
<arg>${username}</arg>
<arg>${password}</arg>
<kw name="Input Text" library="SeleniumLibrary">
<arg>Id:username</arg>
<arg>${User_Name}</arg>
<doc>Types the given ``text`` into the text field identified by ``locator``.</doc>
<msg timestamp="20230420 11:27:39.293" level="INFO">Typing text 'sarada' into text field 'Id:username'.</msg>
<status status="PASS" starttime="20230420 11:27:39.293" endtime="20230420 11:27:39.377"/>
</kw>
<kw name="Input Password" library="SeleniumLibrary">
<arg>Id:password</arg>
<arg>${Password}</arg>
<doc>Types the given password into the text field identified by ``locator``.</doc>
<msg timestamp="20230420 11:27:39.377" level="INFO">Typing password into text field 'Id:password'.</msg>
<msg timestamp="20230420 11:27:39.404" level="INFO">Temporally setting log level to: NONE</msg>
<msg timestamp="20230420 11:27:39.436" level="INFO">Log level changed from NONE to INFO.</msg>
<status status="PASS" starttime="20230420 11:27:39.377" endtime="20230420 11:27:39.436"/>
</kw>
<kw name="Click Button" library="SeleniumLibrary">
<arg>signInBtn</arg>
<doc>Clicks the button identified by ``locator``.</doc>
<msg timestamp="20230420 11:27:39.436" level="INFO">Clicking button 'signInBtn'.</msg>
<status status="PASS" starttime="20230420 11:27:39.436" endtime="20230420 11:27:39.485"/>
</kw>
<status status="PASS" starttime="20230420 11:27:39.293" endtime="20230420 11:27:39.485"/>
</kw>
<kw name="wait until it check and displays error message">
<kw name="Wait Until Element Is Visible" library="SeleniumLibrary">
<arg>${Error_Message_Login}</arg>
<doc>Waits until the element ``locator`` is visible.</doc>
<status status="PASS" starttime="20230420 11:27:39.486" endtime="20230420 11:27:41.504"/>
</kw>
<status status="PASS" starttime="20230420 11:27:39.486" endtime="20230420 11:27:41.504"/>
</kw>
<kw name="verify the error message">
<kw name="Get Text" library="SeleniumLibrary">
<var>${Result}</var>
<arg>${Error_Message_Login}</arg>
<doc>Returns the text value of the element identified by ``locator``.</doc>
<msg timestamp="20230420 11:27:41.519" level="INFO">${Result} = Incorrect username/password.</msg>
<status status="PASS" starttime="20230420 11:27:41.504" endtime="20230420 11:27:41.519"/>
</kw>
<kw name="Should Be Equal As Strings" library="BuiltIn">
<arg>${Result}</arg>
<arg>Incorrect username/password.</arg>
<doc>Fails if objects are unequal after converting them to strings.</doc>
<status status="PASS" starttime="20230420 11:27:41.519" endtime="20230420 11:27:41.519"/>
</kw>
<status status="PASS" starttime="20230420 11:27:41.504" endtime="20230420 11:27:41.519"/>
</kw>
<status status="PASS" starttime="20230420 11:27:37.008" endtime="20230420 11:27:41.519"/>
</kw>
<status status="PASS" starttime="20230420 11:27:37.008" endtime="20230420 11:27:41.519"/>
</test>
<test id="s1-t2" name="Login with user rahulshett and apssword adsd" line="13">
<kw name="Validate Unsucessfull login">
<arg>rahulshett</arg>
<arg>adsd</arg>
<kw name="open the browser with mortgage url">
<kw name="Create Webdriver" library="SeleniumLibrary">
<arg>Chrome</arg>
<arg>executable_path=E:\\chromedriver.exe</arg>
<doc>Creates an instance of Selenium WebDriver.</doc>
<msg timestamp="20230420 11:27:41.534" level="INFO">Creating an instance of the Chrome WebDriver.</msg>
<status status="PASS" starttime="20230420 11:27:41.534" endtime="20230420 11:27:42.691"/>
</kw>
<kw name="Go To" library="SeleniumLibrary">
<arg>https://rahulshettyacademy.com/loginpagePractise/</arg>
<doc>Navigates the current browser window to the provided ``url``.</doc>
<msg timestamp="20230420 11:27:42.691" level="INFO">Opening url 'https://rahulshettyacademy.com/loginpagePractise/'</msg>
<status status="PASS" starttime="20230420 11:27:42.691" endtime="20230420 11:27:43.682"/>
</kw>
<status status="PASS" starttime="20230420 11:27:41.534" endtime="20230420 11:27:43.682"/>
</kw>
<kw name="fill the login form">
<arg>${username}</arg>
<arg>${password}</arg>
<kw name="Input Text" library="SeleniumLibrary">
<arg>Id:username</arg>
<arg>${User_Name}</arg>
<doc>Types the given ``text`` into the text field identified by ``locator``.</doc>
<msg timestamp="20230420 11:27:43.683" level="INFO">Typing text 'rahulshett' into text field 'Id:username'.</msg>
<status status="PASS" starttime="20230420 11:27:43.683" endtime="20230420 11:27:43.766"/>
</kw>
<kw name="Input Password" library="SeleniumLibrary">
<arg>Id:password</arg>
<arg>${Password}</arg>
<doc>Types the given password into the text field identified by ``locator``.</doc>
<msg timestamp="20230420 11:27:43.767" level="INFO">Typing password into text field 'Id:password'.</msg>
<msg timestamp="20230420 11:27:43.786" level="INFO">Temporally setting log level to: NONE</msg>
<msg timestamp="20230420 11:27:43.821" level="INFO">Log level changed from NONE to INFO.</msg>
<status status="PASS" starttime="20230420 11:27:43.766" endtime="20230420 11:27:43.821"/>
</kw>
<kw name="Click Button" library="SeleniumLibrary">
<arg>signInBtn</arg>
<doc>Clicks the button identified by ``locator``.</doc>
<msg timestamp="20230420 11:27:43.821" level="INFO">Clicking button 'signInBtn'.</msg>
<status status="PASS" starttime="20230420 11:27:43.821" endtime="20230420 11:27:43.860"/>
</kw>
<status status="PASS" starttime="20230420 11:27:43.682" endtime="20230420 11:27:43.860"/>
</kw>
<kw name="wait until it check and displays error message">
<kw name="Wait Until Element Is Visible" library="SeleniumLibrary">
<arg>${Error_Message_Login}</arg>
<doc>Waits until the element ``locator`` is visible.</doc>
<status status="PASS" starttime="20230420 11:27:43.860" endtime="20230420 11:27:45.868"/>
</kw>
<status status="PASS" starttime="20230420 11:27:43.860" endtime="20230420 11:27:45.868"/>
</kw>
<kw name="verify the error message">
<kw name="Get Text" library="SeleniumLibrary">
<var>${Result}</var>
<arg>${Error_Message_Login}</arg>
<doc>Returns the text value of the element identified by ``locator``.</doc>
<msg timestamp="20230420 11:27:45.886" level="INFO">${Result} = Incorrect username/password.</msg>
<status status="PASS" starttime="20230420 11:27:45.868" endtime="20230420 11:27:45.886"/>
</kw>
<kw name="Should Be Equal As Strings" library="BuiltIn">
<arg>${Result}</arg>
<arg>Incorrect username/password.</arg>
<doc>Fails if objects are unequal after converting them to strings.</doc>
<status status="PASS" starttime="20230420 11:27:45.886" endtime="20230420 11:27:45.886"/>
</kw>
<status status="PASS" starttime="20230420 11:27:45.868" endtime="20230420 11:27:45.886"/>
</kw>
<status status="PASS" starttime="20230420 11:27:41.519" endtime="20230420 11:27:45.886"/>
</kw>
<status status="PASS" starttime="20230420 11:27:41.519" endtime="20230420 11:27:45.899"/>
</test>
<test id="s1-t3" name="Login with user #AFSF@ and apssword learning" line="13">
<kw name="Validate Unsucessfull login">
<arg>#AFSF@</arg>
<arg>learning</arg>
<kw name="open the browser with mortgage url">
<kw name="Create Webdriver" library="SeleniumLibrary">
<arg>Chrome</arg>
<arg>executable_path=E:\\chromedriver.exe</arg>
<doc>Creates an instance of Selenium WebDriver.</doc>
<msg timestamp="20230420 11:27:45.901" level="INFO">Creating an instance of the Chrome WebDriver.</msg>
<status status="PASS" starttime="20230420 11:27:45.901" endtime="20230420 11:27:47.079"/>
</kw>
<kw name="Go To" library="SeleniumLibrary">
<arg>https://rahulshettyacademy.com/loginpagePractise/</arg>
<doc>Navigates the current browser window to the provided ``url``.</doc>
<msg timestamp="20230420 11:27:47.079" level="INFO">Opening url 'https://rahulshettyacademy.com/loginpagePractise/'</msg>
<status status="PASS" starttime="20230420 11:27:47.079" endtime="20230420 11:27:47.408"/>
</kw>
<status status="PASS" starttime="20230420 11:27:45.901" endtime="20230420 11:27:47.408"/>
</kw>
<kw name="fill the login form">
<arg>${username}</arg>
<arg>${password}</arg>
<kw name="Input Text" library="SeleniumLibrary">
<arg>Id:username</arg>
<arg>${User_Name}</arg>
<doc>Types the given ``text`` into the text field identified by ``locator``.</doc>
<msg timestamp="20230420 11:27:47.409" level="INFO">Typing text '#AFSF@' into text field 'Id:username'.</msg>
<status status="PASS" starttime="20230420 11:27:47.409" endtime="20230420 11:27:47.499"/>
</kw>
<kw name="Input Password" library="SeleniumLibrary">
<arg>Id:password</arg>
<arg>${Password}</arg>
<doc>Types the given password into the text field identified by ``locator``.</doc>
<msg timestamp="20230420 11:27:47.500" level="INFO">Typing password into text field 'Id:password'.</msg>
<msg timestamp="20230420 11:27:47.518" level="INFO">Temporally setting log level to: NONE</msg>
<msg timestamp="20230420 11:27:47.572" level="INFO">Log level changed from NONE to INFO.</msg>
<status status="PASS" starttime="20230420 11:27:47.499" endtime="20230420 11:27:47.572"/>
</kw>
<kw name="Click Button" library="SeleniumLibrary">
<arg>signInBtn</arg>
<doc>Clicks the button identified by ``locator``.</doc>
<msg timestamp="20230420 11:27:47.572" level="INFO">Clicking button 'signInBtn'.</msg>
<status status="PASS" starttime="20230420 11:27:47.572" endtime="20230420 11:27:47.603"/>
</kw>
<status status="PASS" starttime="20230420 11:27:47.408" endtime="20230420 11:27:47.603"/>
</kw>
<kw name="wait until it check and displays error message">
<kw name="Wait Until Element Is Visible" library="SeleniumLibrary">
<arg>${Error_Message_Login}</arg>
<doc>Waits until the element ``locator`` is visible.</doc>
<status status="PASS" starttime="20230420 11:27:47.603" endtime="20230420 11:27:49.670"/>
</kw>
<status status="PASS" starttime="20230420 11:27:47.603" endtime="20230420 11:27:49.670"/>
</kw>
<kw name="verify the error message">
<kw name="Get Text" library="SeleniumLibrary">
<var>${Result}</var>
<arg>${Error_Message_Login}</arg>
<doc>Returns the text value of the element identified by ``locator``.</doc>
<msg timestamp="20230420 11:27:49.689" level="INFO">${Result} = Incorrect username/password.</msg>
<status status="PASS" starttime="20230420 11:27:49.670" endtime="20230420 11:27:49.689"/>
</kw>
<kw name="Should Be Equal As Strings" library="BuiltIn">
<arg>${Result}</arg>
<arg>Incorrect username/password.</arg>
<doc>Fails if objects are unequal after converting them to strings.</doc>
<status status="PASS" starttime="20230420 11:27:49.689" endtime="20230420 11:27:49.689"/>
</kw>
<status status="PASS" starttime="20230420 11:27:49.670" endtime="20230420 11:27:49.689"/>
</kw>
<status status="PASS" starttime="20230420 11:27:45.901" endtime="20230420 11:27:49.690"/>
</kw>
<status status="PASS" starttime="20230420 11:27:45.901" endtime="20230420 11:27:49.690"/>
</test>
<doc>To validate login form</doc>
<status status="PASS" starttime="20230420 11:27:36.834" endtime="20230420 11:27:49.690"/>
</suite>
<statistics>
<total>
<stat pass="3" fail="0" skip="0">All Tests</stat>
</total>
<tag>
</tag>
<suite>
<stat pass="3" fail="0" skip="0" id="s1" name="testDemo5">testDemo5</stat>
</suite>
</statistics>
<errors>
</errors>
</robot>
