<?xml version="1.0" encoding="UTF-8"?>
<robot generator="Robot 6.0.2 (Python 3.10.10 on win32)" generated="20230418 15:42:42.342" rpa="false" schemaversion="3">
<suite id="s1" name="testDemo3" source="C:\File D\RobotFramework\tests\testDemo3.robot">
<test id="s1-t1" name="Validate child window functionality" line="16">
<kw name="open the browser with mortgage url" library="resource" type="SETUP">
<kw name="Create Webdriver" library="SeleniumLibrary">
<arg>Chrome</arg>
<arg>executable_path=E:\\chromedriver.exe</arg>
<doc>Creates an instance of Selenium WebDriver.</doc>
<msg timestamp="20230418 15:42:42.631" level="INFO">Creating an instance of the Chrome WebDriver.</msg>
<status status="PASS" starttime="20230418 15:42:42.631" endtime="20230418 15:42:44.052"/>
</kw>
<kw name="Go To" library="SeleniumLibrary">
<arg>${url}</arg>
<doc>Navigates the current browser window to the provided ``url``.</doc>
<msg timestamp="20230418 15:42:44.052" level="INFO">Opening url 'https://rahulshettyacademy.com/loginpagePractise/'</msg>
<status status="PASS" starttime="20230418 15:42:44.052" endtime="20230418 15:42:44.461"/>
</kw>
<status status="PASS" starttime="20230418 15:42:42.631" endtime="20230418 15:42:44.461"/>
</kw>
<kw name="Select the link of child window">
<kw name="Click Element" library="SeleniumLibrary">
<arg>css:.blinkingText</arg>
<doc>Click the element identified by ``locator``.</doc>
<msg timestamp="20230418 15:42:44.461" level="INFO">Clicking element 'css:.blinkingText'.</msg>
<status status="PASS" starttime="20230418 15:42:44.461" endtime="20230418 15:42:44.614"/>
</kw>
<kw name="Sleep" library="BuiltIn">
<arg>5 seconds</arg>
<doc>Pauses the test executed for the given time.</doc>
<msg timestamp="20230418 15:42:49.624" level="INFO">Slept 5 seconds</msg>
<status status="PASS" starttime="20230418 15:42:44.614" endtime="20230418 15:42:49.624"/>
</kw>
<status status="PASS" starttime="20230418 15:42:44.461" endtime="20230418 15:42:49.624"/>
</kw>
<kw name="Verify the user is switched to child window">
<kw name="Switch Window" library="SeleniumLibrary">
<arg>NEW</arg>
<doc>Switches to browser window matching ``locator``.</doc>
<status status="PASS" starttime="20230418 15:42:49.624" endtime="20230418 15:42:49.639"/>
</kw>
<kw name="Element Text Should Be" library="SeleniumLibrary">
<arg>css:h1</arg>
<arg>DOCUMENTS REQUEST</arg>
<doc>Verifies that element ``locator`` contains exact the text ``expected``.</doc>
<msg timestamp="20230418 15:42:49.639" level="INFO">Verifying element 'css:h1' contains exact text 'DOCUMENTS REQUEST'.</msg>
<status status="PASS" starttime="20230418 15:42:49.639" endtime="20230418 15:42:49.661"/>
</kw>
<status status="PASS" starttime="20230418 15:42:49.624" endtime="20230418 15:42:49.661"/>
</kw>
<kw name="Grab the email id in the child window">
<kw name="Get Text" library="SeleniumLibrary">
<var>${Text}</var>
<arg>css:.im-para.red</arg>
<doc>Returns the text value of the element identified by ``locator``.</doc>
<msg timestamp="20230418 15:42:49.682" level="INFO">${Text} = Please email us at mentor@rahulshettyacademy.com with below template to receive response</msg>
<status status="PASS" starttime="20230418 15:42:49.661" endtime="20230418 15:42:49.682"/>
</kw>
<kw name="Split String" library="String">
<var>@{Words}</var>
<arg>${Text}</arg>
<arg>at</arg>
<doc>Splits the ``string`` using ``separator`` as a delimiter string.</doc>
<msg timestamp="20230418 15:42:49.682" level="INFO">@{Words} = [ Please email us  |  mentor@rahulshettyacademy.com with below templ | e to receive response ]</msg>
<status status="PASS" starttime="20230418 15:42:49.682" endtime="20230418 15:42:49.682"/>
</kw>
<kw name="Get From List" library="Collections">
<var>${text_split}</var>
<arg>${Words}</arg>
<arg>1</arg>
<doc>Returns the value specified with an ``index`` from ``list``.</doc>
<msg timestamp="20230418 15:42:49.682" level="INFO">${text_split} =  mentor@rahulshettyacademy.com with below templ</msg>
<status status="PASS" starttime="20230418 15:42:49.682" endtime="20230418 15:42:49.682"/>
</kw>
<kw name="Split String" library="String">
<var>@{Word_2}</var>
<arg>${text_split}}</arg>
<doc>Splits the ``string`` using ``separator`` as a delimiter string.</doc>
<msg timestamp="20230418 15:42:49.687" level="INFO">@{Word_2} = [ mentor@rahulshettyacademy.com | with | below | templ} ]</msg>
<status status="PASS" starttime="20230418 15:42:49.682" endtime="20230418 15:42:49.687"/>
</kw>
<kw name="Get From List" library="Collections">
<var>${email}</var>
<arg>${Word_2}</arg>
<arg>0</arg>
<doc>Returns the value specified with an ``index`` from ``list``.</doc>
<msg timestamp="20230418 15:42:49.687" level="INFO">${email} = mentor@rahulshettyacademy.com</msg>
<status status="PASS" starttime="20230418 15:42:49.687" endtime="20230418 15:42:49.687"/>
</kw>
<kw name="Set Global Variable" library="BuiltIn">
<arg>${email}</arg>
<doc>Makes a variable available globally in all tests and suites.</doc>
<msg timestamp="20230418 15:42:49.687" level="INFO">${email} = mentor@rahulshettyacademy.com</msg>
<status status="PASS" starttime="20230418 15:42:49.687" endtime="20230418 15:42:49.687"/>
</kw>
<status status="PASS" starttime="20230418 15:42:49.661" endtime="20230418 15:42:49.687"/>
</kw>
<kw name="Switch to parent window and enter the email">
<kw name="Switch Window" library="SeleniumLibrary">
<arg>MAIN</arg>
<doc>Switches to browser window matching ``locator``.</doc>
<status status="PASS" starttime="20230418 15:42:49.687" endtime="20230418 15:42:49.703"/>
</kw>
<kw name="Title Should Be" library="SeleniumLibrary">
<arg>LoginPage Practise | Rahul Shetty Academy</arg>
<doc>Verifies that the current page title equals ``title``.</doc>
<msg timestamp="20230418 15:42:49.717" level="INFO">Page title is 'LoginPage Practise | Rahul Shetty Academy'.</msg>
<status status="PASS" starttime="20230418 15:42:49.703" endtime="20230418 15:42:49.717"/>
</kw>
<kw name="Input Text" library="SeleniumLibrary">
<arg>Id:username</arg>
<arg>${email}</arg>
<doc>Types the given ``text`` into the text field identified by ``locator``.</doc>
<msg timestamp="20230418 15:42:49.717" level="INFO">Typing text 'mentor@rahulshettyacademy.com' into text field 'Id:username'.</msg>
<status status="PASS" starttime="20230418 15:42:49.717" endtime="20230418 15:42:49.844"/>
</kw>
<status status="PASS" starttime="20230418 15:42:49.687" endtime="20230418 15:42:49.844"/>
</kw>
<kw name="Close Browser" library="SeleniumLibrary" type="TEARDOWN">
<doc>Closes the current browser.</doc>
<status status="PASS" starttime="20230418 15:42:49.846" endtime="20230418 15:42:52.057"/>
</kw>
<status status="PASS" starttime="20230418 15:42:42.631" endtime="20230418 15:42:52.057"/>
</test>
<doc>To validate login form</doc>
<status status="PASS" starttime="20230418 15:42:42.342" endtime="20230418 15:42:52.059"/>
</suite>
<statistics>
<total>
<stat pass="1" fail="0" skip="0">All Tests</stat>
</total>
<tag>
</tag>
<suite>
<stat pass="1" fail="0" skip="0" id="s1" name="testDemo3">testDemo3</stat>
</suite>
</statistics>
<errors>
</errors>
</robot>
