<?xml version="1.0" encoding="UTF-8"?>
<robot generator="Robot 6.0.2 (Python 3.10.10 on win32)" generated="20230413 12:47:34.324" rpa="false" schemaversion="3">
<suite id="s1" name="testDemo1" source="C:\File D\RobotFramework\tests\testDemo1.robot">
<test id="s1-t1" name="Validate Unsucessfull login" line="10">
<kw name="open the browser with mortgage url">
<kw name="Create Webdriver" library="SeleniumLibrary">
<arg>Chrome</arg>
<arg>executable_path=E:\\chromedriver.exe</arg>
<doc>Creates an instance of Selenium WebDriver.</doc>
<msg timestamp="20230413 12:47:34.572" level="INFO">Creating an instance of the Chrome WebDriver.</msg>
<status status="PASS" starttime="20230413 12:47:34.572" endtime="20230413 12:47:38.153"/>
</kw>
<kw name="Go To" library="SeleniumLibrary">
<arg>https://rahulshettyacademy.com/loginpagePractise/</arg>
<doc>Navigates the current browser window to the provided ``url``.</doc>
<msg timestamp="20230413 12:47:38.153" level="INFO">Opening url 'https://rahulshettyacademy.com/loginpagePractise/'</msg>
<status status="PASS" starttime="20230413 12:47:38.153" endtime="20230413 12:47:38.491"/>
</kw>
<status status="PASS" starttime="20230413 12:47:34.572" endtime="20230413 12:47:38.491"/>
</kw>
<kw name="fill the login form">
<kw name="Input Text" library="SeleniumLibrary">
<arg>Id:username</arg>
<arg>Situ</arg>
<doc>Types the given ``text`` into the text field identified by ``locator``.</doc>
<msg timestamp="20230413 12:47:38.492" level="INFO">Typing text 'Situ' into text field 'Id:username'.</msg>
<status status="PASS" starttime="20230413 12:47:38.492" endtime="20230413 12:47:38.559"/>
</kw>
<kw name="Input Password" library="SeleniumLibrary">
<arg>Id:password</arg>
<arg>1234</arg>
<doc>Types the given password into the text field identified by ``locator``.</doc>
<msg timestamp="20230413 12:47:38.559" level="INFO">Typing password into text field 'Id:password'.</msg>
<msg timestamp="20230413 12:47:38.594" level="INFO">Temporally setting log level to: NONE</msg>
<msg timestamp="20230413 12:47:38.628" level="INFO">Log level changed from NONE to INFO.</msg>
<status status="PASS" starttime="20230413 12:47:38.559" endtime="20230413 12:47:38.628"/>
</kw>
<kw name="Click Button" library="SeleniumLibrary">
<arg>signInBtn</arg>
<doc>Clicks the button identified by ``locator``.</doc>
<msg timestamp="20230413 12:47:38.628" level="INFO">Clicking button 'signInBtn'.</msg>
<status status="PASS" starttime="20230413 12:47:38.628" endtime="20230413 12:47:38.662"/>
</kw>
<status status="PASS" starttime="20230413 12:47:38.492" endtime="20230413 12:47:38.662"/>
</kw>
<kw name="wait until it check and displays error message">
<kw name="Wait Until Element Is Visible" library="SeleniumLibrary">
<arg>${Error_Message_Login}</arg>
<doc>Waits until the element ``locator`` is visible.</doc>
<status status="PASS" starttime="20230413 12:47:38.662" endtime="20230413 12:47:40.694"/>
</kw>
<status status="PASS" starttime="20230413 12:47:38.662" endtime="20230413 12:47:40.694"/>
</kw>
<kw name="verify the error message">
<kw name="Get Text" library="SeleniumLibrary">
<var>${Result}</var>
<arg>${Error_Message_Login}</arg>
<doc>Returns the text value of the element identified by ``locator``.</doc>
<msg timestamp="20230413 12:47:40.710" level="INFO">${Result} = Incorrect username/password.</msg>
<status status="PASS" starttime="20230413 12:47:40.694" endtime="20230413 12:47:40.710"/>
</kw>
<kw name="Should Be Equal As Strings" library="BuiltIn">
<arg>${Result}</arg>
<arg>Incorrect username/password.</arg>
<doc>Fails if objects are unequal after converting them to strings.</doc>
<status status="PASS" starttime="20230413 12:47:40.710" endtime="20230413 12:47:40.710"/>
</kw>
<kw name="Element Text Should Be" library="SeleniumLibrary">
<arg>${Error_Message_Login}</arg>
<arg>Incorrect username/password.</arg>
<doc>Verifies that element ``locator`` contains exact the text ``expected``.</doc>
<msg timestamp="20230413 12:47:40.710" level="INFO">Verifying element 'css:.alert-danger' contains exact text 'Incorrect username/password.'.</msg>
<status status="PASS" starttime="20230413 12:47:40.710" endtime="20230413 12:47:40.727"/>
</kw>
<status status="PASS" starttime="20230413 12:47:40.694" endtime="20230413 12:47:40.727"/>
</kw>
<kw name="Close Browser" library="SeleniumLibrary" type="TEARDOWN">
<doc>Closes the current browser.</doc>
<status status="PASS" starttime="20230413 12:47:40.727" endtime="20230413 12:47:42.843"/>
</kw>
<status status="PASS" starttime="20230413 12:47:34.572" endtime="20230413 12:47:42.843"/>
</test>
<doc>To validate login form</doc>
<status status="PASS" starttime="20230413 12:47:34.331" endtime="20230413 12:47:42.843"/>
</suite>
<statistics>
<total>
<stat pass="1" fail="0" skip="0">All Tests</stat>
</total>
<tag>
</tag>
<suite>
<stat pass="1" fail="0" skip="0" id="s1" name="testDemo1">testDemo1</stat>
</suite>
</statistics>
<errors>
</errors>
</robot>
