<?xml version="1.0" encoding="UTF-8"?>
<robot generator="Robot 6.0.2 (Python 3.10.10 on win32)" generated="20230419 11:55:16.883" rpa="false" schemaversion="3">
<suite id="s1" name="testDemo4" source="C:\File D\RobotFramework\tests\testDemo4.robot">
<test id="s1-t1" name="Invalid Username" line="12">
<kw name="Validate Unsucessfull login">
<arg>sarada</arg>
<arg>learning</arg>
<kw name="open the browser with mortgage url">
<kw name="Create Webdriver" library="SeleniumLibrary">
<arg>Chrome</arg>
<arg>executable_path=E:\\chromedriver.exe</arg>
<doc>Creates an instance of Selenium WebDriver.</doc>
<msg timestamp="20230419 11:55:17.057" level="INFO">Creating an instance of the Chrome WebDriver.</msg>
<status status="PASS" starttime="20230419 11:55:17.057" endtime="20230419 11:55:19.045"/>
</kw>
<kw name="Go To" library="SeleniumLibrary">
<arg>https://rahulshettyacademy.com/loginpagePractise/</arg>
<doc>Navigates the current browser window to the provided ``url``.</doc>
<msg timestamp="20230419 11:55:19.045" level="INFO">Opening url 'https://rahulshettyacademy.com/loginpagePractise/'</msg>
<status status="PASS" starttime="20230419 11:55:19.045" endtime="20230419 11:55:19.387"/>
</kw>
<status status="PASS" starttime="20230419 11:55:17.057" endtime="20230419 11:55:19.387"/>
</kw>
<kw name="fill the login form">
<arg>${username}</arg>
<arg>${password}</arg>
<kw name="Input Text" library="SeleniumLibrary">
<arg>Id:username</arg>
<arg>${User_Name}</arg>
<doc>Types the given ``text`` into the text field identified by ``locator``.</doc>
<msg timestamp="20230419 11:55:19.387" level="INFO">Typing text 'sarada' into text field 'Id:username'.</msg>
<status status="PASS" starttime="20230419 11:55:19.387" endtime="20230419 11:55:19.493"/>
</kw>
<kw name="Input Password" library="SeleniumLibrary">
<arg>Id:password</arg>
<arg>${Password}</arg>
<doc>Types the given password into the text field identified by ``locator``.</doc>
<msg timestamp="20230419 11:55:19.493" level="INFO">Typing password into text field 'Id:password'.</msg>
<msg timestamp="20230419 11:55:19.543" level="INFO">Temporally setting log level to: NONE</msg>
<msg timestamp="20230419 11:55:19.584" level="INFO">Log level changed from NONE to INFO.</msg>
<status status="PASS" starttime="20230419 11:55:19.493" endtime="20230419 11:55:19.584"/>
</kw>
<kw name="Click Button" library="SeleniumLibrary">
<arg>signInBtn</arg>
<doc>Clicks the button identified by ``locator``.</doc>
<msg timestamp="20230419 11:55:19.584" level="INFO">Clicking button 'signInBtn'.</msg>
<status status="PASS" starttime="20230419 11:55:19.584" endtime="20230419 11:55:19.629"/>
</kw>
<status status="PASS" starttime="20230419 11:55:19.387" endtime="20230419 11:55:19.629"/>
</kw>
<kw name="wait until it check and displays error message">
<kw name="Wait Until Element Is Visible" library="SeleniumLibrary">
<arg>${Error_Message_Login}</arg>
<doc>Waits until the element ``locator`` is visible.</doc>
<status status="PASS" starttime="20230419 11:55:19.629" endtime="20230419 11:55:21.696"/>
</kw>
<status status="PASS" starttime="20230419 11:55:19.629" endtime="20230419 11:55:21.696"/>
</kw>
<kw name="verify the error message">
<kw name="Get Text" library="SeleniumLibrary">
<var>${Result}</var>
<arg>${Error_Message_Login}</arg>
<doc>Returns the text value of the element identified by ``locator``.</doc>
<msg timestamp="20230419 11:55:21.696" level="INFO">${Result} = Incorrect username/password.</msg>
<status status="PASS" starttime="20230419 11:55:21.696" endtime="20230419 11:55:21.696"/>
</kw>
<kw name="Should Be Equal As Strings" library="BuiltIn">
<arg>${Result}</arg>
<arg>Incorrect username/password.</arg>
<doc>Fails if objects are unequal after converting them to strings.</doc>
<status status="PASS" starttime="20230419 11:55:21.696" endtime="20230419 11:55:21.696"/>
</kw>
<status status="PASS" starttime="20230419 11:55:21.696" endtime="20230419 11:55:21.696"/>
</kw>
<status status="PASS" starttime="20230419 11:55:17.057" endtime="20230419 11:55:21.696"/>
</kw>
<status status="PASS" starttime="20230419 11:55:17.057" endtime="20230419 11:55:21.696"/>
</test>
<test id="s1-t2" name="Invalid Password" line="13">
<kw name="Validate Unsucessfull login">
<arg>rahulshett</arg>
<arg>adsd</arg>
<kw name="open the browser with mortgage url">
<kw name="Create Webdriver" library="SeleniumLibrary">
<arg>Chrome</arg>
<arg>executable_path=E:\\chromedriver.exe</arg>
<doc>Creates an instance of Selenium WebDriver.</doc>
<msg timestamp="20230419 11:55:21.712" level="INFO">Creating an instance of the Chrome WebDriver.</msg>
<status status="PASS" starttime="20230419 11:55:21.712" endtime="20230419 11:55:23.148"/>
</kw>
<kw name="Go To" library="SeleniumLibrary">
<arg>https://rahulshettyacademy.com/loginpagePractise/</arg>
<doc>Navigates the current browser window to the provided ``url``.</doc>
<msg timestamp="20230419 11:55:23.148" level="INFO">Opening url 'https://rahulshettyacademy.com/loginpagePractise/'</msg>
<status status="PASS" starttime="20230419 11:55:23.148" endtime="20230419 11:55:23.456"/>
</kw>
<status status="PASS" starttime="20230419 11:55:21.712" endtime="20230419 11:55:23.456"/>
</kw>
<kw name="fill the login form">
<arg>${username}</arg>
<arg>${password}</arg>
<kw name="Input Text" library="SeleniumLibrary">
<arg>Id:username</arg>
<arg>${User_Name}</arg>
<doc>Types the given ``text`` into the text field identified by ``locator``.</doc>
<msg timestamp="20230419 11:55:23.456" level="INFO">Typing text 'rahulshett' into text field 'Id:username'.</msg>
<status status="PASS" starttime="20230419 11:55:23.456" endtime="20230419 11:55:23.584"/>
</kw>
<kw name="Input Password" library="SeleniumLibrary">
<arg>Id:password</arg>
<arg>${Password}</arg>
<doc>Types the given password into the text field identified by ``locator``.</doc>
<msg timestamp="20230419 11:55:23.584" level="INFO">Typing password into text field 'Id:password'.</msg>
<msg timestamp="20230419 11:55:23.630" level="INFO">Temporally setting log level to: NONE</msg>
<msg timestamp="20230419 11:55:23.684" level="INFO">Log level changed from NONE to INFO.</msg>
<status status="PASS" starttime="20230419 11:55:23.584" endtime="20230419 11:55:23.684"/>
</kw>
<kw name="Click Button" library="SeleniumLibrary">
<arg>signInBtn</arg>
<doc>Clicks the button identified by ``locator``.</doc>
<msg timestamp="20230419 11:55:23.684" level="INFO">Clicking button 'signInBtn'.</msg>
<status status="PASS" starttime="20230419 11:55:23.684" endtime="20230419 11:55:23.746"/>
</kw>
<status status="PASS" starttime="20230419 11:55:23.456" endtime="20230419 11:55:23.746"/>
</kw>
<kw name="wait until it check and displays error message">
<kw name="Wait Until Element Is Visible" library="SeleniumLibrary">
<arg>${Error_Message_Login}</arg>
<doc>Waits until the element ``locator`` is visible.</doc>
<status status="PASS" starttime="20230419 11:55:23.746" endtime="20230419 11:55:25.944"/>
</kw>
<status status="PASS" starttime="20230419 11:55:23.746" endtime="20230419 11:55:25.944"/>
</kw>
<kw name="verify the error message">
<kw name="Get Text" library="SeleniumLibrary">
<var>${Result}</var>
<arg>${Error_Message_Login}</arg>
<doc>Returns the text value of the element identified by ``locator``.</doc>
<msg timestamp="20230419 11:55:25.960" level="INFO">${Result} = Incorrect username/password.</msg>
<status status="PASS" starttime="20230419 11:55:25.944" endtime="20230419 11:55:25.960"/>
</kw>
<kw name="Should Be Equal As Strings" library="BuiltIn">
<arg>${Result}</arg>
<arg>Incorrect username/password.</arg>
<doc>Fails if objects are unequal after converting them to strings.</doc>
<status status="PASS" starttime="20230419 11:55:25.960" endtime="20230419 11:55:25.960"/>
</kw>
<status status="PASS" starttime="20230419 11:55:25.944" endtime="20230419 11:55:25.960"/>
</kw>
<status status="PASS" starttime="20230419 11:55:21.710" endtime="20230419 11:55:25.960"/>
</kw>
<status status="PASS" starttime="20230419 11:55:21.696" endtime="20230419 11:55:25.960"/>
</test>
<test id="s1-t3" name="Special Charectors" line="14">
<kw name="Validate Unsucessfull login">
<arg>@#</arg>
<arg>learning</arg>
<kw name="open the browser with mortgage url">
<kw name="Create Webdriver" library="SeleniumLibrary">
<arg>Chrome</arg>
<arg>executable_path=E:\\chromedriver.exe</arg>
<doc>Creates an instance of Selenium WebDriver.</doc>
<msg timestamp="20230419 11:55:25.960" level="INFO">Creating an instance of the Chrome WebDriver.</msg>
<status status="PASS" starttime="20230419 11:55:25.960" endtime="20230419 11:55:27.304"/>
</kw>
<kw name="Go To" library="SeleniumLibrary">
<arg>https://rahulshettyacademy.com/loginpagePractise/</arg>
<doc>Navigates the current browser window to the provided ``url``.</doc>
<msg timestamp="20230419 11:55:27.304" level="INFO">Opening url 'https://rahulshettyacademy.com/loginpagePractise/'</msg>
<status status="PASS" starttime="20230419 11:55:27.304" endtime="20230419 11:55:28.084"/>
</kw>
<status status="PASS" starttime="20230419 11:55:25.960" endtime="20230419 11:55:28.084"/>
</kw>
<kw name="fill the login form">
<arg>${username}</arg>
<arg>${password}</arg>
<kw name="Input Text" library="SeleniumLibrary">
<arg>Id:username</arg>
<arg>${User_Name}</arg>
<doc>Types the given ``text`` into the text field identified by ``locator``.</doc>
<msg timestamp="20230419 11:55:28.084" level="INFO">Typing text '@#' into text field 'Id:username'.</msg>
<status status="PASS" starttime="20230419 11:55:28.084" endtime="20230419 11:55:28.183"/>
</kw>
<kw name="Input Password" library="SeleniumLibrary">
<arg>Id:password</arg>
<arg>${Password}</arg>
<doc>Types the given password into the text field identified by ``locator``.</doc>
<msg timestamp="20230419 11:55:28.183" level="INFO">Typing password into text field 'Id:password'.</msg>
<msg timestamp="20230419 11:55:28.230" level="INFO">Temporally setting log level to: NONE</msg>
<msg timestamp="20230419 11:55:28.279" level="INFO">Log level changed from NONE to INFO.</msg>
<status status="PASS" starttime="20230419 11:55:28.183" endtime="20230419 11:55:28.279"/>
</kw>
<kw name="Click Button" library="SeleniumLibrary">
<arg>signInBtn</arg>
<doc>Clicks the button identified by ``locator``.</doc>
<msg timestamp="20230419 11:55:28.279" level="INFO">Clicking button 'signInBtn'.</msg>
<status status="PASS" starttime="20230419 11:55:28.279" endtime="20230419 11:55:28.332"/>
</kw>
<status status="PASS" starttime="20230419 11:55:28.084" endtime="20230419 11:55:28.332"/>
</kw>
<kw name="wait until it check and displays error message">
<kw name="Wait Until Element Is Visible" library="SeleniumLibrary">
<arg>${Error_Message_Login}</arg>
<doc>Waits until the element ``locator`` is visible.</doc>
<status status="PASS" starttime="20230419 11:55:28.332" endtime="20230419 11:55:30.463"/>
</kw>
<status status="PASS" starttime="20230419 11:55:28.332" endtime="20230419 11:55:30.463"/>
</kw>
<kw name="verify the error message">
<kw name="Get Text" library="SeleniumLibrary">
<var>${Result}</var>
<arg>${Error_Message_Login}</arg>
<doc>Returns the text value of the element identified by ``locator``.</doc>
<msg timestamp="20230419 11:55:30.479" level="INFO">${Result} = Incorrect username/password.</msg>
<status status="PASS" starttime="20230419 11:55:30.463" endtime="20230419 11:55:30.479"/>
</kw>
<kw name="Should Be Equal As Strings" library="BuiltIn">
<arg>${Result}</arg>
<arg>Incorrect username/password.</arg>
<doc>Fails if objects are unequal after converting them to strings.</doc>
<status status="PASS" starttime="20230419 11:55:30.479" endtime="20230419 11:55:30.479"/>
</kw>
<status status="PASS" starttime="20230419 11:55:30.463" endtime="20230419 11:55:30.479"/>
</kw>
<status status="PASS" starttime="20230419 11:55:25.960" endtime="20230419 11:55:30.479"/>
</kw>
<status status="PASS" starttime="20230419 11:55:25.960" endtime="20230419 11:55:30.479"/>
</test>
<doc>To validate login form</doc>
<status status="PASS" starttime="20230419 11:55:16.883" endtime="20230419 11:55:30.495"/>
</suite>
<statistics>
<total>
<stat pass="3" fail="0" skip="0">All Tests</stat>
</total>
<tag>
</tag>
<suite>
<stat pass="3" fail="0" skip="0" id="s1" name="testDemo4">testDemo4</stat>
</suite>
</statistics>
<errors>
</errors>
</robot>
