<?xml version="1.0" encoding="UTF-8"?>
<robot generator="Robot 6.0.2 (Python 3.10.10 on win32)" generated="20230417 18:27:52.085" rpa="false" schemaversion="3">
<suite id="s1" name="testDemo2" source="C:\File D\RobotFramework\tests\testDemo2.robot">
<test id="s1-t1" name="Validate cards display in shopping page" line="20">
<kw name="open the browser with mortgage url" library="resource" type="SETUP">
<kw name="Create Webdriver" library="SeleniumLibrary">
<arg>Chrome</arg>
<arg>executable_path=E:\\chromedriver.exe</arg>
<doc>Creates an instance of Selenium WebDriver.</doc>
<msg timestamp="20230417 18:27:52.245" level="INFO">Creating an instance of the Chrome WebDriver.</msg>
<status status="PASS" starttime="20230417 18:27:52.245" endtime="20230417 18:27:53.476"/>
</kw>
<kw name="Go To" library="SeleniumLibrary">
<arg>${url}</arg>
<doc>Navigates the current browser window to the provided ``url``.</doc>
<msg timestamp="20230417 18:27:53.476" level="INFO">Opening url 'https://rahulshettyacademy.com/loginpagePractise/'</msg>
<status status="PASS" starttime="20230417 18:27:53.476" endtime="20230417 18:27:53.751"/>
</kw>
<status status="PASS" starttime="20230417 18:27:52.245" endtime="20230417 18:27:53.751"/>
</kw>
<kw name="fill the login form">
<arg>${Valid_UserName}</arg>
<arg>${Valid_Password}</arg>
<kw name="Input Text" library="SeleniumLibrary">
<arg>Id:username</arg>
<arg>${User_Name}</arg>
<doc>Types the given ``text`` into the text field identified by ``locator``.</doc>
<msg timestamp="20230417 18:27:53.751" level="INFO">Typing text 'rahulshettyacademy' into text field 'Id:username'.</msg>
<status status="PASS" starttime="20230417 18:27:53.751" endtime="20230417 18:27:53.862"/>
</kw>
<kw name="Input Password" library="SeleniumLibrary">
<arg>Id:password</arg>
<arg>${Password}</arg>
<doc>Types the given password into the text field identified by ``locator``.</doc>
<msg timestamp="20230417 18:27:53.863" level="INFO">Typing password into text field 'Id:password'.</msg>
<msg timestamp="20230417 18:27:53.884" level="INFO">Temporally setting log level to: NONE</msg>
<msg timestamp="20230417 18:27:53.911" level="INFO">Log level changed from NONE to INFO.</msg>
<status status="PASS" starttime="20230417 18:27:53.863" endtime="20230417 18:27:53.911"/>
</kw>
<kw name="Click Button" library="SeleniumLibrary">
<arg>signInBtn</arg>
<doc>Clicks the button identified by ``locator``.</doc>
<msg timestamp="20230417 18:27:53.911" level="INFO">Clicking button 'signInBtn'.</msg>
<status status="PASS" starttime="20230417 18:27:53.911" endtime="20230417 18:27:53.975"/>
</kw>
<status status="PASS" starttime="20230417 18:27:53.751" endtime="20230417 18:27:53.975"/>
</kw>
<kw name="wait until element is located in page">
<arg>${Shop_page_load}</arg>
<kw name="Wait Until Element Is Visible" library="SeleniumLibrary">
<arg>${element}</arg>
<doc>Waits until the element ``locator`` is visible.</doc>
<status status="PASS" starttime="20230417 18:27:53.975" endtime="20230417 18:27:56.816"/>
</kw>
<status status="PASS" starttime="20230417 18:27:53.975" endtime="20230417 18:27:56.816"/>
</kw>
<kw name="verify card titles in shop page">
<kw name="Create List" library="BuiltIn">
<var>@{expectedlist}</var>
<arg>iphone X</arg>
<arg>Samsung Note 8</arg>
<arg>Nokia Edge</arg>
<arg>Blackberry</arg>
<doc>Returns a list containing given items.</doc>
<msg timestamp="20230417 18:27:56.816" level="INFO">@{expectedlist} = [ iphone X | Samsung Note 8 | Nokia Edge | Blackberry ]</msg>
<status status="PASS" starttime="20230417 18:27:56.816" endtime="20230417 18:27:56.816"/>
</kw>
<kw name="Get WebElements" library="SeleniumLibrary">
<var>${elements}</var>
<arg>css:.card-title</arg>
<doc>Returns a list of WebElement objects matching the ``locator``.</doc>
<msg timestamp="20230417 18:27:56.824" level="INFO">${elements} = [&lt;selenium.webdriver.remote.webelement.WebElement (session="2854b29446b89a2a4a19f1d952e9e106", element="0d6fdfc3-1287-47e4-b8cd-fedb65586274")&gt;, &lt;selenium.webdriver.remote.webelement.WebElement (sessi...</msg>
<status status="PASS" starttime="20230417 18:27:56.816" endtime="20230417 18:27:56.824"/>
</kw>
<kw name="Create List" library="BuiltIn">
<var>@{actualList}</var>
<doc>Returns a list containing given items.</doc>
<msg timestamp="20230417 18:27:56.825" level="INFO">@{actualList} = [ ]</msg>
<status status="PASS" starttime="20230417 18:27:56.825" endtime="20230417 18:27:56.825"/>
</kw>
<for flavor="IN">
<var>${element}</var>
<value>@{elements}</value>
<iter>
<var name="${element}">&lt;selenium.webdriver.remote.webelement.WebElement (session="2854b29446b89a2a4a19f1d952e9e106", element="0d6fdfc3-1287-47e4-b8cd-fedb65586274")&gt;</var>
<kw name="Log" library="BuiltIn">
<arg>${element.text}</arg>
<doc>Logs the given message with the given level.</doc>
<msg timestamp="20230417 18:27:56.834" level="INFO">iphone X</msg>
<status status="PASS" starttime="20230417 18:27:56.825" endtime="20230417 18:27:56.834"/>
</kw>
<kw name="Append To List" library="Collections">
<arg>${actualList}</arg>
<arg>${element.text}</arg>
<doc>Adds ``values`` to the end of ``list``.</doc>
<status status="PASS" starttime="20230417 18:27:56.835" endtime="20230417 18:27:56.841"/>
</kw>
<status status="PASS" starttime="20230417 18:27:56.825" endtime="20230417 18:27:56.841"/>
</iter>
<iter>
<var name="${element}">&lt;selenium.webdriver.remote.webelement.WebElement (session="2854b29446b89a2a4a19f1d952e9e106", element="5291209e-7898-4ad8-9a6b-f82185d6a0c3")&gt;</var>
<kw name="Log" library="BuiltIn">
<arg>${element.text}</arg>
<doc>Logs the given message with the given level.</doc>
<msg timestamp="20230417 18:27:56.849" level="INFO">Samsung Note 8</msg>
<status status="PASS" starttime="20230417 18:27:56.841" endtime="20230417 18:27:56.849"/>
</kw>
<kw name="Append To List" library="Collections">
<arg>${actualList}</arg>
<arg>${element.text}</arg>
<doc>Adds ``values`` to the end of ``list``.</doc>
<status status="PASS" starttime="20230417 18:27:56.849" endtime="20230417 18:27:56.855"/>
</kw>
<status status="PASS" starttime="20230417 18:27:56.841" endtime="20230417 18:27:56.855"/>
</iter>
<iter>
<var name="${element}">&lt;selenium.webdriver.remote.webelement.WebElement (session="2854b29446b89a2a4a19f1d952e9e106", element="36b22270-9269-4a23-85c5-de68aed0d049")&gt;</var>
<kw name="Log" library="BuiltIn">
<arg>${element.text}</arg>
<doc>Logs the given message with the given level.</doc>
<msg timestamp="20230417 18:27:56.863" level="INFO">Nokia Edge</msg>
<status status="PASS" starttime="20230417 18:27:56.855" endtime="20230417 18:27:56.863"/>
</kw>
<kw name="Append To List" library="Collections">
<arg>${actualList}</arg>
<arg>${element.text}</arg>
<doc>Adds ``values`` to the end of ``list``.</doc>
<status status="PASS" starttime="20230417 18:27:56.863" endtime="20230417 18:27:56.863"/>
</kw>
<status status="PASS" starttime="20230417 18:27:56.855" endtime="20230417 18:27:56.863"/>
</iter>
<iter>
<var name="${element}">&lt;selenium.webdriver.remote.webelement.WebElement (session="2854b29446b89a2a4a19f1d952e9e106", element="919d9b37-2771-4887-a9a6-9f8a0b645b06")&gt;</var>
<kw name="Log" library="BuiltIn">
<arg>${element.text}</arg>
<doc>Logs the given message with the given level.</doc>
<msg timestamp="20230417 18:27:56.863" level="INFO">Blackberry</msg>
<status status="PASS" starttime="20230417 18:27:56.863" endtime="20230417 18:27:56.863"/>
</kw>
<kw name="Append To List" library="Collections">
<arg>${actualList}</arg>
<arg>${element.text}</arg>
<doc>Adds ``values`` to the end of ``list``.</doc>
<status status="PASS" starttime="20230417 18:27:56.863" endtime="20230417 18:27:56.884"/>
</kw>
<status status="PASS" starttime="20230417 18:27:56.863" endtime="20230417 18:27:56.884"/>
</iter>
<status status="PASS" starttime="20230417 18:27:56.825" endtime="20230417 18:27:56.884"/>
</for>
<kw name="Lists Should Be Equal" library="Collections">
<arg>${actualList}</arg>
<arg>${expectedList}</arg>
<doc>Fails if given lists are unequal.</doc>
<status status="PASS" starttime="20230417 18:27:56.884" endtime="20230417 18:27:56.884"/>
</kw>
<status status="PASS" starttime="20230417 18:27:56.816" endtime="20230417 18:27:56.884"/>
</kw>
<kw name="select the card">
<arg>Blackberry</arg>
<kw name="Get WebElements" library="SeleniumLibrary">
<var>${elements}</var>
<arg>css:.card-title</arg>
<doc>Returns a list of WebElement objects matching the ``locator``.</doc>
<msg timestamp="20230417 18:27:56.890" level="INFO">${elements} = [&lt;selenium.webdriver.remote.webelement.WebElement (session="2854b29446b89a2a4a19f1d952e9e106", element="0d6fdfc3-1287-47e4-b8cd-fedb65586274")&gt;, &lt;selenium.webdriver.remote.webelement.WebElement (sessi...</msg>
<status status="PASS" starttime="20230417 18:27:56.885" endtime="20230417 18:27:56.890"/>
</kw>
<kw name="Set Variable" library="BuiltIn">
<var>${index}</var>
<arg>1</arg>
<doc>Returns the given values which can then be assigned to a variables.</doc>
<msg timestamp="20230417 18:27:56.890" level="INFO">${index} = 1</msg>
<status status="PASS" starttime="20230417 18:27:56.890" endtime="20230417 18:27:56.890"/>
</kw>
<for flavor="IN">
<var>${element}</var>
<value>@{elements}</value>
<iter>
<var name="${element}">&lt;selenium.webdriver.remote.webelement.WebElement (session="2854b29446b89a2a4a19f1d952e9e106", element="0d6fdfc3-1287-47e4-b8cd-fedb65586274")&gt;</var>
<kw name="Exit For Loop If" library="BuiltIn">
<arg>'${Cardname}'=='${element.text}'</arg>
<doc>Stops executing the enclosing FOR loop if the ``condition`` is true.</doc>
<status status="PASS" starttime="20230417 18:27:56.891" endtime="20230417 18:27:56.895"/>
</kw>
<kw name="Evaluate" library="BuiltIn">
<var>${index}</var>
<arg>${index} + 1</arg>
<doc>Evaluates the given expression in Python and returns the result.</doc>
<msg timestamp="20230417 18:27:56.895" level="INFO">${index} = 2</msg>
<status status="PASS" starttime="20230417 18:27:56.895" endtime="20230417 18:27:56.895"/>
</kw>
<status status="PASS" starttime="20230417 18:27:56.891" endtime="20230417 18:27:56.896"/>
</iter>
<iter>
<var name="${element}">&lt;selenium.webdriver.remote.webelement.WebElement (session="2854b29446b89a2a4a19f1d952e9e106", element="5291209e-7898-4ad8-9a6b-f82185d6a0c3")&gt;</var>
<kw name="Exit For Loop If" library="BuiltIn">
<arg>'${Cardname}'=='${element.text}'</arg>
<doc>Stops executing the enclosing FOR loop if the ``condition`` is true.</doc>
<status status="PASS" starttime="20230417 18:27:56.896" endtime="20230417 18:27:56.901"/>
</kw>
<kw name="Evaluate" library="BuiltIn">
<var>${index}</var>
<arg>${index} + 1</arg>
<doc>Evaluates the given expression in Python and returns the result.</doc>
<msg timestamp="20230417 18:27:56.901" level="INFO">${index} = 3</msg>
<status status="PASS" starttime="20230417 18:27:56.901" endtime="20230417 18:27:56.901"/>
</kw>
<status status="PASS" starttime="20230417 18:27:56.896" endtime="20230417 18:27:56.901"/>
</iter>
<iter>
<var name="${element}">&lt;selenium.webdriver.remote.webelement.WebElement (session="2854b29446b89a2a4a19f1d952e9e106", element="36b22270-9269-4a23-85c5-de68aed0d049")&gt;</var>
<kw name="Exit For Loop If" library="BuiltIn">
<arg>'${Cardname}'=='${element.text}'</arg>
<doc>Stops executing the enclosing FOR loop if the ``condition`` is true.</doc>
<status status="PASS" starttime="20230417 18:27:56.901" endtime="20230417 18:27:56.906"/>
</kw>
<kw name="Evaluate" library="BuiltIn">
<var>${index}</var>
<arg>${index} + 1</arg>
<doc>Evaluates the given expression in Python and returns the result.</doc>
<msg timestamp="20230417 18:27:56.907" level="INFO">${index} = 4</msg>
<status status="PASS" starttime="20230417 18:27:56.906" endtime="20230417 18:27:56.907"/>
</kw>
<status status="PASS" starttime="20230417 18:27:56.901" endtime="20230417 18:27:56.907"/>
</iter>
<iter>
<var name="${element}">&lt;selenium.webdriver.remote.webelement.WebElement (session="2854b29446b89a2a4a19f1d952e9e106", element="919d9b37-2771-4887-a9a6-9f8a0b645b06")&gt;</var>
<kw name="Exit For Loop If" library="BuiltIn">
<arg>'${Cardname}'=='${element.text}'</arg>
<doc>Stops executing the enclosing FOR loop if the ``condition`` is true.</doc>
<msg timestamp="20230417 18:27:56.912" level="INFO">Exiting for loop altogether.</msg>
<status status="PASS" starttime="20230417 18:27:56.907" endtime="20230417 18:27:56.912"/>
</kw>
<kw name="Evaluate" library="BuiltIn">
<var>${index}</var>
<arg>${index} + 1</arg>
<doc>Evaluates the given expression in Python and returns the result.</doc>
<status status="NOT RUN" starttime="20230417 18:27:56.912" endtime="20230417 18:27:56.912"/>
</kw>
<status status="PASS" starttime="20230417 18:27:56.907" endtime="20230417 18:27:56.912"/>
</iter>
<status status="PASS" starttime="20230417 18:27:56.890" endtime="20230417 18:27:56.912"/>
</for>
<kw name="Click Button" library="SeleniumLibrary">
<arg>xpath:(//*[@class='card-footer'])[${index}]/button</arg>
<doc>Clicks the button identified by ``locator``.</doc>
<msg timestamp="20230417 18:27:56.912" level="INFO">Clicking button 'xpath:(//*[@class='card-footer'])[4]/button'.</msg>
<status status="PASS" starttime="20230417 18:27:56.912" endtime="20230417 18:27:56.954"/>
</kw>
<kw name="Sleep" library="BuiltIn">
<arg>10 seconds</arg>
<doc>Pauses the test executed for the given time.</doc>
<msg timestamp="20230417 18:28:06.955" level="INFO">Slept 10 seconds</msg>
<status status="PASS" starttime="20230417 18:27:56.954" endtime="20230417 18:28:06.955"/>
</kw>
<status status="PASS" starttime="20230417 18:27:56.885" endtime="20230417 18:28:06.955"/>
</kw>
<status status="PASS" starttime="20230417 18:27:52.245" endtime="20230417 18:28:06.955"/>
</test>
<doc>To validate login form</doc>
<status status="PASS" starttime="20230417 18:27:52.090" endtime="20230417 18:28:06.956"/>
</suite>
<statistics>
<total>
<stat pass="1" fail="0" skip="0">All Tests</stat>
</total>
<tag>
</tag>
<suite>
<stat pass="1" fail="0" skip="0" id="s1" name="testDemo2">testDemo2</stat>
</suite>
</statistics>
<errors>
</errors>
</robot>
