<?xml version="1.0" encoding="UTF-8"?>
<robot generator="Robot 5.0.1 (Python 3.10.0 on win32)" generated="20230417 22:51:06.794" rpa="false" schemaversion="3">
<suite id="s1" name="testDemo2" source="F:\pythonRobot\tests\testDemo2.robot">
<test id="s1-t1" name="Validate cards display in shopping page" line="20">
<kw name="open the browser with mortgage url" library="resource" type="SETUP">
<kw name="Create Webdriver" library="SeleniumLibrary">
<arg>Chrome</arg>
<arg>executable_path=E:\\chromedriver.exe</arg>
<doc>Creates an instance of Selenium WebDriver.</doc>
<msg timestamp="20230417 22:51:07.189" level="INFO">Creating an instance of the Chrome WebDriver.</msg>
<status status="PASS" starttime="20230417 22:51:07.188" endtime="20230417 22:51:10.049"/>
</kw>
<kw name="Go To" library="SeleniumLibrary">
<arg>${url}</arg>
<doc>Navigates the current browser window to the provided ``url``.</doc>
<msg timestamp="20230417 22:51:10.049" level="INFO">Opening url 'https://rahulshettyacademy.com/loginpagePractise/'</msg>
<status status="PASS" starttime="20230417 22:51:10.049" endtime="20230417 22:51:12.755"/>
</kw>
<status status="PASS" starttime="20230417 22:51:07.187" endtime="20230417 22:51:12.755"/>
</kw>
<kw name="fill the login form">
<arg>${Valid_UserName}</arg>
<arg>${Valid_Password}</arg>
<kw name="Input Text" library="SeleniumLibrary">
<arg>Id:username</arg>
<arg>${User_Name}</arg>
<doc>Types the given ``text`` into the text field identified by ``locator``.</doc>
<msg timestamp="20230417 22:51:12.757" level="INFO">Typing text 'rahulshettyacademy' into text field 'Id:username'.</msg>
<status status="PASS" starttime="20230417 22:51:12.757" endtime="20230417 22:51:13.218"/>
</kw>
<kw name="Input Password" library="SeleniumLibrary">
<arg>Id:password</arg>
<arg>${Password}</arg>
<doc>Types the given password into the text field identified by ``locator``.</doc>
<msg timestamp="20230417 22:51:13.218" level="INFO">Typing password into text field 'Id:password'.</msg>
<msg timestamp="20230417 22:51:13.351" level="INFO">Temporally setting log level to: NONE</msg>
<msg timestamp="20230417 22:51:13.533" level="INFO">Log level changed from NONE to INFO.</msg>
<status status="PASS" starttime="20230417 22:51:13.218" endtime="20230417 22:51:13.533"/>
</kw>
<kw name="Click Button" library="SeleniumLibrary">
<arg>signInBtn</arg>
<doc>Clicks the button identified by ``locator``.</doc>
<msg timestamp="20230417 22:51:13.534" level="INFO">Clicking button 'signInBtn'.</msg>
<status status="PASS" starttime="20230417 22:51:13.534" endtime="20230417 22:51:13.739"/>
</kw>
<status status="PASS" starttime="20230417 22:51:12.755" endtime="20230417 22:51:13.739"/>
</kw>
<kw name="wait until element is located in page">
<arg>${Shop_page_load}</arg>
<kw name="Wait Until Element Is Visible" library="SeleniumLibrary">
<arg>${element}</arg>
<doc>Waits until the element ``locator`` is visible.</doc>
<status status="PASS" starttime="20230417 22:51:13.744" endtime="20230417 22:51:17.514"/>
</kw>
<status status="PASS" starttime="20230417 22:51:13.739" endtime="20230417 22:51:17.515"/>
</kw>
<kw name="verify card titles in shop page">
<kw name="Create List" library="BuiltIn">
<var>@{expectedlist}</var>
<arg>iphone X</arg>
<arg>Samsung Note 8</arg>
<arg>Nokia Edge</arg>
<arg>Blackberry</arg>
<doc>Returns a list containing given items.</doc>
<msg timestamp="20230417 22:51:17.515" level="INFO">@{expectedlist} = [ iphone X | Samsung Note 8 | Nokia Edge | Blackberry ]</msg>
<status status="PASS" starttime="20230417 22:51:17.515" endtime="20230417 22:51:17.515"/>
</kw>
<kw name="Get WebElements" library="SeleniumLibrary">
<var>${elements}</var>
<arg>css:.card-title</arg>
<doc>Returns a list of WebElement objects matching the ``locator``.</doc>
<msg timestamp="20230417 22:51:17.550" level="INFO">${elements} = [&lt;selenium.webdriver.remote.webelement.WebElement (session="6768107d690eba50225bb0356a08f335", element="0fdc97de-dfe8-4e92-8592-868b7a490edd")&gt;, &lt;selenium.webdriver.remote.webelement.WebElement (sessi...</msg>
<status status="PASS" starttime="20230417 22:51:17.515" endtime="20230417 22:51:17.550"/>
</kw>
<kw name="Create List" library="BuiltIn">
<var>@{actualList}</var>
<doc>Returns a list containing given items.</doc>
<msg timestamp="20230417 22:51:17.550" level="INFO">@{actualList} = [ ]</msg>
<status status="PASS" starttime="20230417 22:51:17.550" endtime="20230417 22:51:17.550"/>
</kw>
<for flavor="IN">
<var>${element}</var>
<value>@{elements}</value>
<iter>
<var name="${element}">&lt;selenium.webdriver.remote.webelement.WebElement (session="6768107d690eba50225bb0356a08f335", element="0fdc97de-dfe8-4e92-8592-868b7a490edd")&gt;</var>
<kw name="Log" library="BuiltIn">
<arg>${element.text}</arg>
<doc>Logs the given message with the given level.</doc>
<msg timestamp="20230417 22:51:17.601" level="INFO">iphone X</msg>
<status status="PASS" starttime="20230417 22:51:17.556" endtime="20230417 22:51:17.601"/>
</kw>
<kw name="Append To List" library="Collections">
<arg>${actualList}</arg>
<arg>${element.text}</arg>
<doc>Adds ``values`` to the end of ``list``.</doc>
<status status="PASS" starttime="20230417 22:51:17.601" endtime="20230417 22:51:17.630"/>
</kw>
<status status="PASS" starttime="20230417 22:51:17.556" endtime="20230417 22:51:17.630"/>
</iter>
<iter>
<var name="${element}">&lt;selenium.webdriver.remote.webelement.WebElement (session="6768107d690eba50225bb0356a08f335", element="b1d33ddb-231f-42b4-9b5f-087255bf849a")&gt;</var>
<kw name="Log" library="BuiltIn">
<arg>${element.text}</arg>
<doc>Logs the given message with the given level.</doc>
<msg timestamp="20230417 22:51:17.668" level="INFO">Samsung Note 8</msg>
<status status="PASS" starttime="20230417 22:51:17.630" endtime="20230417 22:51:17.671"/>
</kw>
<kw name="Append To List" library="Collections">
<arg>${actualList}</arg>
<arg>${element.text}</arg>
<doc>Adds ``values`` to the end of ``list``.</doc>
<status status="PASS" starttime="20230417 22:51:17.671" endtime="20230417 22:51:17.696"/>
</kw>
<status status="PASS" starttime="20230417 22:51:17.630" endtime="20230417 22:51:17.696"/>
</iter>
<iter>
<var name="${element}">&lt;selenium.webdriver.remote.webelement.WebElement (session="6768107d690eba50225bb0356a08f335", element="a8de2a6a-8c49-4585-8e77-8ae7d4151fa8")&gt;</var>
<kw name="Log" library="BuiltIn">
<arg>${element.text}</arg>
<doc>Logs the given message with the given level.</doc>
<msg timestamp="20230417 22:51:17.738" level="INFO">Nokia Edge</msg>
<status status="PASS" starttime="20230417 22:51:17.696" endtime="20230417 22:51:17.738"/>
</kw>
<kw name="Append To List" library="Collections">
<arg>${actualList}</arg>
<arg>${element.text}</arg>
<doc>Adds ``values`` to the end of ``list``.</doc>
<status status="PASS" starttime="20230417 22:51:17.738" endtime="20230417 22:51:17.763"/>
</kw>
<status status="PASS" starttime="20230417 22:51:17.696" endtime="20230417 22:51:17.763"/>
</iter>
<iter>
<var name="${element}">&lt;selenium.webdriver.remote.webelement.WebElement (session="6768107d690eba50225bb0356a08f335", element="74eb918a-9b75-4e67-8624-ec60369a3ac3")&gt;</var>
<kw name="Log" library="BuiltIn">
<arg>${element.text}</arg>
<doc>Logs the given message with the given level.</doc>
<msg timestamp="20230417 22:51:17.806" level="INFO">Blackberry</msg>
<status status="PASS" starttime="20230417 22:51:17.763" endtime="20230417 22:51:17.806"/>
</kw>
<kw name="Append To List" library="Collections">
<arg>${actualList}</arg>
<arg>${element.text}</arg>
<doc>Adds ``values`` to the end of ``list``.</doc>
<status status="PASS" starttime="20230417 22:51:17.806" endtime="20230417 22:51:17.827"/>
</kw>
<status status="PASS" starttime="20230417 22:51:17.763" endtime="20230417 22:51:17.827"/>
</iter>
<status status="PASS" starttime="20230417 22:51:17.550" endtime="20230417 22:51:17.827"/>
</for>
<kw name="Lists Should Be Equal" library="Collections">
<arg>${actualList}</arg>
<arg>${expectedList}</arg>
<doc>Fails if given lists are unequal.</doc>
<status status="PASS" starttime="20230417 22:51:17.827" endtime="20230417 22:51:17.837"/>
</kw>
<status status="PASS" starttime="20230417 22:51:17.515" endtime="20230417 22:51:17.837"/>
</kw>
<kw name="select the card">
<arg>Blackberry</arg>
<kw name="Get WebElements" library="SeleniumLibrary">
<var>${elements}</var>
<arg>css:.card-title</arg>
<doc>Returns a list of WebElement objects matching the ``locator``.</doc>
<msg timestamp="20230417 22:51:17.853" level="INFO">${elements} = [&lt;selenium.webdriver.remote.webelement.WebElement (session="6768107d690eba50225bb0356a08f335", element="0fdc97de-dfe8-4e92-8592-868b7a490edd")&gt;, &lt;selenium.webdriver.remote.webelement.WebElement (sessi...</msg>
<status status="PASS" starttime="20230417 22:51:17.837" endtime="20230417 22:51:17.853"/>
</kw>
<kw name="Set Variable" library="BuiltIn">
<var>${index}</var>
<arg>1</arg>
<doc>Returns the given values which can then be assigned to a variables.</doc>
<msg timestamp="20230417 22:51:17.869" level="INFO">${index} = 1</msg>
<status status="PASS" starttime="20230417 22:51:17.853" endtime="20230417 22:51:17.869"/>
</kw>
<for flavor="IN">
<var>${element}</var>
<value>@{elements}</value>
<iter>
<var name="${element}">&lt;selenium.webdriver.remote.webelement.WebElement (session="6768107d690eba50225bb0356a08f335", element="0fdc97de-dfe8-4e92-8592-868b7a490edd")&gt;</var>
<kw name="Exit For Loop If" library="BuiltIn">
<arg>'${Cardname}'=='${element.text}'</arg>
<doc>Stops executing the enclosing FOR loop if the ``condition`` is true.</doc>
<status status="PASS" starttime="20230417 22:51:17.869" endtime="20230417 22:51:17.901"/>
</kw>
<kw name="Evaluate" library="BuiltIn">
<var>${index}</var>
<arg>${index} + 1</arg>
<doc>Evaluates the given expression in Python and returns the result.</doc>
<msg timestamp="20230417 22:51:17.901" level="INFO">${index} = 2</msg>
<status status="PASS" starttime="20230417 22:51:17.901" endtime="20230417 22:51:17.901"/>
</kw>
<status status="PASS" starttime="20230417 22:51:17.869" endtime="20230417 22:51:17.901"/>
</iter>
<iter>
<var name="${element}">&lt;selenium.webdriver.remote.webelement.WebElement (session="6768107d690eba50225bb0356a08f335", element="b1d33ddb-231f-42b4-9b5f-087255bf849a")&gt;</var>
<kw name="Exit For Loop If" library="BuiltIn">
<arg>'${Cardname}'=='${element.text}'</arg>
<doc>Stops executing the enclosing FOR loop if the ``condition`` is true.</doc>
<status status="PASS" starttime="20230417 22:51:17.901" endtime="20230417 22:51:17.932"/>
</kw>
<kw name="Evaluate" library="BuiltIn">
<var>${index}</var>
<arg>${index} + 1</arg>
<doc>Evaluates the given expression in Python and returns the result.</doc>
<msg timestamp="20230417 22:51:17.932" level="INFO">${index} = 3</msg>
<status status="PASS" starttime="20230417 22:51:17.932" endtime="20230417 22:51:17.932"/>
</kw>
<status status="PASS" starttime="20230417 22:51:17.901" endtime="20230417 22:51:17.932"/>
</iter>
<iter>
<var name="${element}">&lt;selenium.webdriver.remote.webelement.WebElement (session="6768107d690eba50225bb0356a08f335", element="a8de2a6a-8c49-4585-8e77-8ae7d4151fa8")&gt;</var>
<kw name="Exit For Loop If" library="BuiltIn">
<arg>'${Cardname}'=='${element.text}'</arg>
<doc>Stops executing the enclosing FOR loop if the ``condition`` is true.</doc>
<status status="PASS" starttime="20230417 22:51:17.932" endtime="20230417 22:51:17.964"/>
</kw>
<kw name="Evaluate" library="BuiltIn">
<var>${index}</var>
<arg>${index} + 1</arg>
<doc>Evaluates the given expression in Python and returns the result.</doc>
<msg timestamp="20230417 22:51:17.964" level="INFO">${index} = 4</msg>
<status status="PASS" starttime="20230417 22:51:17.964" endtime="20230417 22:51:17.964"/>
</kw>
<status status="PASS" starttime="20230417 22:51:17.932" endtime="20230417 22:51:17.964"/>
</iter>
<iter>
<var name="${element}">&lt;selenium.webdriver.remote.webelement.WebElement (session="6768107d690eba50225bb0356a08f335", element="74eb918a-9b75-4e67-8624-ec60369a3ac3")&gt;</var>
<kw name="Exit For Loop If" library="BuiltIn">
<arg>'${Cardname}'=='${element.text}'</arg>
<doc>Stops executing the enclosing FOR loop if the ``condition`` is true.</doc>
<msg timestamp="20230417 22:51:17.995" level="INFO">Exiting for loop altogether.</msg>
<status status="PASS" starttime="20230417 22:51:17.964" endtime="20230417 22:51:17.995"/>
</kw>
<kw name="Evaluate" library="BuiltIn">
<var>${index}</var>
<arg>${index} + 1</arg>
<doc>Evaluates the given expression in Python and returns the result.</doc>
<status status="NOT RUN" starttime="20230417 22:51:17.995" endtime="20230417 22:51:17.995"/>
</kw>
<status status="PASS" starttime="20230417 22:51:17.964" endtime="20230417 22:51:17.995"/>
</iter>
<status status="PASS" starttime="20230417 22:51:17.869" endtime="20230417 22:51:17.995"/>
</for>
<kw name="Click Button" library="SeleniumLibrary">
<arg>xpath:(//*[@class='card-footer'])[${index}]/button</arg>
<doc>Clicks the button identified by ``locator``.</doc>
<msg timestamp="20230417 22:51:17.995" level="INFO">Clicking button 'xpath:(//*[@class='card-footer'])[4]/button'.</msg>
<status status="PASS" starttime="20230417 22:51:17.995" endtime="20230417 22:51:18.210"/>
</kw>
<kw name="Sleep" library="BuiltIn">
<arg>10 seconds</arg>
<doc>Pauses the test executed for the given time.</doc>
<msg timestamp="20230417 22:51:28.222" level="INFO">Slept 10 seconds</msg>
<status status="PASS" starttime="20230417 22:51:18.210" endtime="20230417 22:51:28.222"/>
</kw>
<status status="PASS" starttime="20230417 22:51:17.837" endtime="20230417 22:51:28.222"/>
</kw>
<status status="PASS" starttime="20230417 22:51:07.185" endtime="20230417 22:51:28.222"/>
</test>
<test id="s1-t2" name="Select the form and Navigate to child page" line="26">
<kw name="open the browser with mortgage url" library="resource" type="SETUP">
<kw name="Create Webdriver" library="SeleniumLibrary">
<arg>Chrome</arg>
<arg>executable_path=E:\\chromedriver.exe</arg>
<doc>Creates an instance of Selenium WebDriver.</doc>
<msg timestamp="20230417 22:51:28.253" level="INFO">Creating an instance of the Chrome WebDriver.</msg>
<status status="PASS" starttime="20230417 22:51:28.253" endtime="20230417 22:51:31.952"/>
</kw>
<kw name="Go To" library="SeleniumLibrary">
<arg>${url}</arg>
<doc>Navigates the current browser window to the provided ``url``.</doc>
<msg timestamp="20230417 22:51:31.952" level="INFO">Opening url 'https://rahulshettyacademy.com/loginpagePractise/'</msg>
<status status="PASS" starttime="20230417 22:51:31.952" endtime="20230417 22:51:34.817"/>
</kw>
<status status="PASS" starttime="20230417 22:51:28.248" endtime="20230417 22:51:34.817"/>
</kw>
<kw name="Fill the login details and select the user option">
<arg>${Valid_UserName}</arg>
<arg>${Valid_Password}</arg>
<kw name="Input Text" library="SeleniumLibrary">
<arg>Id:username</arg>
<arg>${User_Name}</arg>
<doc>Types the given ``text`` into the text field identified by ``locator``.</doc>
<msg timestamp="20230417 22:51:34.882" level="INFO">Typing text 'rahulshettyacademy' into text field 'Id:username'.</msg>
<status status="PASS" starttime="20230417 22:51:34.882" endtime="20230417 22:51:35.612"/>
</kw>
<kw name="Input Password" library="SeleniumLibrary">
<arg>Id:password</arg>
<arg>${Password}</arg>
<doc>Types the given password into the text field identified by ``locator``.</doc>
<msg timestamp="20230417 22:51:35.612" level="INFO">Typing password into text field 'Id:password'.</msg>
<msg timestamp="20230417 22:51:35.800" level="INFO">Temporally setting log level to: NONE</msg>
<msg timestamp="20230417 22:51:36.078" level="INFO">Log level changed from NONE to INFO.</msg>
<status status="PASS" starttime="20230417 22:51:35.612" endtime="20230417 22:51:36.078"/>
</kw>
<kw name="Click Element" library="SeleniumLibrary">
<arg>css:input[value='user']</arg>
<doc>Click the element identified by ``locator``.</doc>
<msg timestamp="20230417 22:51:36.078" level="INFO">Clicking element 'css:input[value='user']'.</msg>
<status status="PASS" starttime="20230417 22:51:36.078" endtime="20230417 22:51:36.314"/>
</kw>
<kw name="Click Button" library="SeleniumLibrary">
<arg>okayBtn</arg>
<doc>Clicks the button identified by ``locator``.</doc>
<msg timestamp="20230417 22:51:36.314" level="INFO">Clicking button 'okayBtn'.</msg>
<status status="PASS" starttime="20230417 22:51:36.314" endtime="20230417 22:51:36.659"/>
</kw>
<kw name="Select From List By Label" library="SeleniumLibrary">
<arg>css:select.form-control</arg>
<arg>Teacher</arg>
<doc>Selects options from selection list ``locator`` by ``labels``.</doc>
<msg timestamp="20230417 22:51:36.659" level="INFO">Selecting options from selection list 'css:select.form-control' by label Teacher.</msg>
<status status="PASS" starttime="20230417 22:51:36.659" endtime="20230417 22:51:37.035"/>
</kw>
<status status="PASS" starttime="20230417 22:51:34.882" endtime="20230417 22:51:37.037"/>
</kw>
<status status="PASS" starttime="20230417 22:51:28.244" endtime="20230417 22:51:37.074"/>
</test>
<doc>To validate login form</doc>
<status status="PASS" starttime="20230417 22:51:06.794" endtime="20230417 22:51:37.174"/>
</suite>
<statistics>
<total>
<stat pass="2" fail="0" skip="0">All Tests</stat>
</total>
<tag>
</tag>
<suite>
<stat pass="2" fail="0" skip="0" id="s1" name="testDemo2">testDemo2</stat>
</suite>
</statistics>
<errors>
</errors>
</robot>
